<?xml version="1.0" encoding="UTF-8"?>
<!-- Generated by org.testng.reporters.JUnitReportReporter -->
<testsuite skipped="0" hostname="DESKTOP-G00FLKF" name="com.TestingShastra.MavenDemo" tests="1" failures="0" timestamp="2022-05-20T11:08:27 IST" time="0.012" errors="0">
  <testcase name="m1" time="0.012" classname="com.TestingShastra.MavenDemo"/>
  <system-out/>
</testsuite> <!-- com.TestingShastra.MavenDemo -->
