<?xml version="1.0" encoding="UTF-8"?>
<!-- Generated by org.testng.reporters.JUnitReportReporter -->
<testsuite hostname="DESKTOP-G00FLKF" failures="0" tests="3" name="com.groups.Kaustubh" time="0.004" errors="0" timestamp="2022-05-27T14:50:11 IST" skipped="0">
  <testcase classname="com.groups.Kaustubh" name="k2" time="0.002"/>
  <system-out/>
  <testcase classname="com.groups.Kaustubh" name="k3" time="0.001"/>
  <system-out/>
  <testcase classname="com.groups.Kaustubh" name="k1" time="0.001"/>
  <system-out/>
</testsuite> <!-- com.groups.Kaustubh -->
