<?xml version="1.0" encoding="UTF-8"?>
<!-- Generated by org.testng.reporters.JUnitReportReporter -->
<testsuite hostname="DESKTOP-G00FLKF" failures="0" tests="2" name="com.groups.Shyam" time="0.012" errors="0" timestamp="2022-05-27T14:50:11 IST" skipped="0">
  <testcase classname="com.groups.Shyam" name="s1" time="0.010"/>
  <system-out/>
  <testcase classname="com.groups.Shyam" name="s2" time="0.002"/>
  <system-out/>
</testsuite> <!-- com.groups.Shyam -->
