<?xml version="1.0" encoding="UTF-8"?>
<!-- Generated by org.testng.reporters.JUnitReportReporter -->
<testsuite skipped="0" hostname="DESKTOP-G00FLKF" name="com.TestingShastra.AssertDemo2" tests="1" failures="0" timestamp="2022-05-17T14:15:33 IST" time="24.011" errors="0">
  <testcase name="testDemo" time="24.011" classname="com.TestingShastra.AssertDemo2"/>
  <system-out/>
</testsuite> <!-- com.TestingShastra.AssertDemo2 -->
