<?xml version="1.0" encoding="UTF-8"?>
<!-- Generated by org.testng.reporters.JUnitReportReporter -->
<testsuite skipped="0" hostname="DESKTOP-G00FLKF" name="com.dependency.Thread" tests="7" failures="0" timestamp="2022-05-21T11:43:49 IST" time="0.106" errors="0">
  <testcase name="m1" time="0.008" classname="com.dependency.Thread"/>
  <system-out/>
  <testcase name="m1" time="0.011" classname="com.dependency.Thread"/>
  <system-out/>
  <testcase name="m1" time="0.027" classname="com.dependency.Thread"/>
  <system-out/>
  <testcase name="m1" time="0.027" classname="com.dependency.Thread"/>
  <system-out/>
  <testcase name="m1" time="0.028" classname="com.dependency.Thread"/>
  <system-out/>
  <testcase name="m1" time="0.003" classname="com.dependency.Thread"/>
  <system-out/>
  <testcase name="m2" time="0.002" classname="com.dependency.Thread"/>
  <system-out/>
</testsuite> <!-- com.dependency.Thread -->
