<?xml version="1.0" encoding="UTF-8"?>
<!-- Generated by org.testng.reporters.JUnitReportReporter -->
<testsuite hostname="DESKTOP-G00FLKF" failures="0" tests="1" name="com.ListenerDemo.ListernerTest" time="0.012" errors="0" timestamp="2022-05-27T14:44:29 IST" skipped="0">
  <testcase classname="com.ListenerDemo.ListernerTest" name="m2" time="0.012"/>
  <system-out/>
</testsuite> <!-- com.ListenerDemo.ListernerTest -->
