<?xml version="1.0" encoding="UTF-8"?>
<!-- Generated by org.testng.reporters.JUnitReportReporter -->
<testsuite hostname="DESKTOP-G00FLKF" failures="0" tests="6" name="com.groups.Ravi" time="0.024" errors="0" timestamp="2022-06-24T14:42:54 IST" skipped="0">
  <testcase classname="com.groups.Ravi" name="m3" time="0.002"/>
  <system-out/>
  <testcase classname="com.groups.Ravi" name="m4" time="0.002"/>
  <system-out/>
  <testcase classname="com.groups.Ravi" name="m6" time="0.002"/>
  <system-out/>
  <testcase classname="com.groups.Ravi" name="m1" time="0.014"/>
  <system-out/>
  <testcase classname="com.groups.Ravi" name="m2" time="0.002"/>
  <system-out/>
  <testcase classname="com.groups.Ravi" name="m5" time="0.002"/>
  <system-out/>
</testsuite> <!-- com.groups.Ravi -->
